components/__tests__/StatsCard.test.tsx(17,44): error TS2339: Property 'toBeInTheDocument' does not exist on type 'JestMatchers<HTMLElement>'.
components/__tests__/StatsCard.test.tsx(18,37): error TS2339: Property 'toBeInTheDocument' does not exist on type 'JestMatchers<HTMLElement>'.
components/__tests__/StatsCard.test.tsx(19,47): error TS2339: Property 'toBeInTheDocument' does not exist on type 'JestMatchers<HTMLElement>'.
components/__tests__/StatsCard.test.tsx(33,44): error TS2339: Property 'toBeInTheDocument' does not exist on type 'JestMatchers<HTMLElement>'.
components/__tests__/StatsCard.test.tsx(45,44): error TS2339: Property 'toBeInTheDocument' does not exist on type 'JestMatchers<HTMLElement>'.
components/ActiveWorkoutView.tsx(4,53): error TS6133: 'RotateCcw' is declared but its value is never read.
components/ActiveWorkoutView.tsx(12,1): error TS6133: 'format' is declared but its value is never read.
components/ChallengeCard.tsx(6,10): error TS6133: 'format' is declared but its value is never read.
components/ChallengeCard.tsx(29,13): error TS7030: Not all code paths return a value.
components/ChallengeCard.tsx(50,13): error TS7030: Not all code paths return a value.
components/Dashboard.tsx(3,10): error TS6133: 'useEffect' is declared but its value is never read.
components/Dashboard.tsx(7,38): error TS6133: 'Shield' is declared but its value is never read.
components/ExerciseLibrary.tsx(4,26): error TS6133: 'X' is declared but its value is never read.
components/ExerciseLibrary.tsx(4,35): error TS6133: 'Info' is declared but its value is never read.
components/ExerciseLibrary.tsx(5,46): error TS6133: 'getExercisesByCategory' is declared but its value is never read.
components/ExerciseLibrary.tsx(5,70): error TS6133: 'getExercisesByMuscleGroup' is declared but its value is never read.
components/ExerciseLibrary.tsx(5,97): error TS6133: 'getExercisesByEquipment' is declared but its value is never read.
components/FinanceCashFlowCalendar.tsx(35,11): error TS6133: 'startDate' is declared but its value is never read.
components/FinanceCategoryForecast.tsx(17,10): error TS6133: 'format' is declared but its value is never read.
components/FinanceRecurringExpenses.tsx(6,28): error TS6133: 'DollarSign' is declared but its value is never read.
components/FinanceRecurringExpenses.tsx(80,49): error TS6133: 'key' is declared but its value is never read.
components/FinanceSpendingAlerts.tsx(5,10): error TS6133: 'format' is declared but its value is never read.
components/FinanceSpendingByDayOfWeek.tsx(17,1): error TS6133: 'format' is declared but its value is never read.
components/FinanceSpendingByDayOfWeek.tsx(25,7): error TS6133: 'DAYS_OF_WEEK' is declared but its value is never read.
components/FinanceSpendingVelocity.tsx(17,84): error TS6133: 'endOfDay' is declared but its value is never read.
components/HabitCard.tsx(72,13): error TS7030: Not all code paths return a value.
components/Header.tsx(3,1): error TS6133: 'useState' is declared but its value is never read.
components/MealEditor.tsx(3,20): error TS6133: 'useEffect' is declared but its value is never read.
components/MealEditor.tsx(5,28): error TS6196: 'NutritionInfo' is declared but never used.
components/MealPlanner.tsx(4,51): error TS6133: 'Edit2' is declared but its value is never read.
components/MealPlanner.tsx(4,58): error TS6133: 'ShoppingCart' is declared but its value is never read.
components/MealPlanner.tsx(4,81): error TS6133: 'Target' is declared but its value is never read.
components/MealPlanner.tsx(7,10): error TS6133: 'formatDate' is declared but its value is never read.
components/MealPlanner.tsx(126,9): error TS6133: 'selectedPlanDays' is declared but its value is never read.
components/NotificationsDropdown.tsx(4,16): error TS6133: 'X' is declared but its value is never read.
components/RoutineAnalyzer.tsx(6,1): error TS6133: 'Routine' is declared but its value is never read.
components/RoutineBuilder.tsx(4,19): error TS6133: 'GripVertical' is declared but its value is never read.
components/RoutineBuilder.tsx(5,10): error TS6133: 'EXERCISE_DATABASE' is declared but its value is never read.
components/RoutineBuilder.tsx(50,10): error TS6133: 'editingExerciseIndex' is declared but its value is never read.
components/RoutineBuilder.tsx(50,32): error TS6133: 'setEditingExerciseIndex' is declared but its value is never read.
components/RoutineBuilder.tsx(390,33): error TS6133: 'sessionIndex' is declared but its value is never read.
components/RoutineBuilder.tsx(645,45): error TS6133: 'e' is declared but its value is never read.
components/RoutineBuilder.tsx(689,45): error TS6133: 'e' is declared but its value is never read.
components/Sidebar.tsx(3,42): error TS6133: 'BarChart3' is declared but its value is never read.
components/Sidebar.tsx(28,28): error TS6133: 'e' is declared but its value is never read.
components/workouts/EmptyState.tsx(3,20): error TS6133: 'Play' is declared but its value is never read.
hooks/useFinanceChallengeUpdater.ts(7,1): error TS6133: 'Challenge' is declared but its value is never read.
hooks/useFinanceChallengeUpdater.ts(31,9): error TS6133: 'lastTransactions' is declared but its value is never read.
hooks/useWorkoutChallengeUpdater.ts(7,1): error TS6133: 'Challenge' is declared but its value is never read.
lib/achievements.ts(35,21): error TS6133: 'user' is declared but its value is never read.
lib/achievements.ts(76,21): error TS6133: 'user' is declared but its value is never read.
lib/achievements.ts(87,21): error TS6133: 'user' is declared but its value is never read.
lib/achievements.ts(98,21): error TS6133: 'user' is declared but its value is never read.
lib/achievements.ts(159,21): error TS6133: 'user' is declared but its value is never read.
lib/achievements.ts(170,21): error TS6133: 'user' is declared but its value is never read.
lib/achievements.ts(194,21): error TS6133: 'user' is declared but its value is never read.
lib/achievements.ts(194,27): error TS6133: 'habits' is declared but its value is never read.
lib/achievements.ts(205,21): error TS6133: 'user' is declared but its value is never read.
lib/achievements.ts(205,27): error TS6133: 'habits' is declared but its value is never read.
lib/achievements.ts(216,21): error TS6133: 'user' is declared but its value is never read.
lib/achievements.ts(216,27): error TS6133: 'habits' is declared but its value is never read.
lib/achievements.ts(227,21): error TS6133: 'user' is declared but its value is never read.
lib/achievements.ts(227,27): error TS6133: 'habits' is declared but its value is never read.
lib/achievements.ts(252,21): error TS6133: 'user' is declared but its value is never read.
lib/achievements.ts(252,27): error TS6133: 'habits' is declared but its value is never read.
lib/achievements.ts(277,21): error TS6133: 'user' is declared but its value is never read.
lib/achievements.ts(277,27): error TS6133: 'habits' is declared but its value is never read.
lib/achievements.ts(302,21): error TS6133: 'user' is declared but its value is never read.
lib/achievements.ts(302,27): error TS6133: 'habits' is declared but its value is never read.
lib/achievements.ts(328,21): error TS6133: 'user' is declared but its value is never read.
lib/achievements.ts(328,27): error TS6133: 'habits' is declared but its value is never read.
lib/achievements.ts(352,21): error TS6133: 'user' is declared but its value is never read.
lib/achievements.ts(352,27): error TS6133: 'habits' is declared but its value is never read.
lib/achievements.ts(352,35): error TS6133: 'transactions' is declared but its value is never read.
lib/achievements.ts(364,21): error TS6133: 'user' is declared but its value is never read.
lib/achievements.ts(364,27): error TS6133: 'habits' is declared but its value is never read.
lib/achievements.ts(364,35): error TS6133: 'transactions' is declared but its value is never read.
lib/achievements.ts(376,21): error TS6133: 'user' is declared but its value is never read.
lib/achievements.ts(376,27): error TS6133: 'habits' is declared but its value is never read.
lib/achievements.ts(376,35): error TS6133: 'transactions' is declared but its value is never read.
lib/achievements.ts(388,21): error TS6133: 'user' is declared but its value is never read.
lib/achievements.ts(388,27): error TS6133: 'habits' is declared but its value is never read.
lib/achievements.ts(388,35): error TS6133: 'transactions' is declared but its value is never read.
lib/achievements.ts(400,21): error TS6133: 'user' is declared but its value is never read.
lib/achievements.ts(400,27): error TS6133: 'habits' is declared but its value is never read.
lib/achievements.ts(400,35): error TS6133: 'transactions' is declared but its value is never read.
lib/achievements.ts(433,21): error TS6133: 'user' is declared but its value is never read.
lib/achievements.ts(433,27): error TS6133: 'habits' is declared but its value is never read.
lib/achievements.ts(433,35): error TS6133: 'transactions' is declared but its value is never read.
lib/achievements.ts(466,21): error TS6133: 'user' is declared but its value is never read.
lib/achievements.ts(466,27): error TS6133: 'habits' is declared but its value is never read.
lib/achievements.ts(466,35): error TS6133: 'transactions' is declared but its value is never read.
lib/achievements.ts(478,21): error TS6133: 'user' is declared but its value is never read.
lib/achievements.ts(478,27): error TS6133: 'habits' is declared but its value is never read.
lib/achievements.ts(478,35): error TS6133: 'transactions' is declared but its value is never read.
lib/achievements.ts(490,21): error TS6133: 'user' is declared but its value is never read.
lib/achievements.ts(490,27): error TS6133: 'habits' is declared but its value is never read.
lib/achievements.ts(490,35): error TS6133: 'transactions' is declared but its value is never read.
lib/achievements.ts(502,21): error TS6133: 'user' is declared but its value is never read.
lib/achievements.ts(502,27): error TS6133: 'habits' is declared but its value is never read.
lib/achievements.ts(502,35): error TS6133: 'transactions' is declared but its value is never read.
lib/bankProfiles.ts(180,53): error TS6133: 'columnType' is declared but its value is never read.
lib/csvImport.ts(21,11): error TS6133: '_debugLogged' is declared but its value is never read.
lib/financeApi.ts(425,3): error TS6133: 'userId' is declared but its value is never read.
lib/financeApi.ts(434,45): error TS6133: 'userId' is declared but its value is never read.
lib/financeApi.ts(440,3): error TS6133: 'userId' is declared but its value is never read.
lib/financeApi.ts(441,3): error TS6133: 'record' is declared but its value is never read.
lib/financeChallengeUtils.ts(11,3): error TS6133: 'userId' is declared but its value is never read.
lib/financeDateUtils.ts(1,1): error TS6133: 'FinanceTransaction' is declared but its value is never read.
lib/financeDateUtils.ts(2,36): error TS6133: 'addDays' is declared but its value is never read.
lib/financeMongo.ts(1,20): error TS6133: 'MongoClient' is declared but its value is never read.
lib/financeMongo.ts(67,42): error TS6133: 'userId' is declared but its value is never read.
lib/financeMongo.ts(74,40): error TS6133: 'userId' is declared but its value is never read.
lib/financeMongo.ts(79,38): error TS6133: 'userId' is declared but its value is never read.
lib/financeMongo.ts(619,44): error TS6133: 'userId' is declared but its value is never read.
lib/financeMongo.ts(744,51): error TS6133: 'userId' is declared but its value is never read.
lib/firestore.ts(17,1): error TS6133: 'format' is declared but its value is never read.
lib/mongodb.ts(30,9): error TS6133: 'maskedUri' is declared but its value is never read.
lib/routineTemplates.ts(6,24): error TS6196: 'RoutineSession' is declared but never used.
lib/transactionCategorizer.ts(18,3): error TS6133: 'amount' is declared but its value is never read.
lib/workoutHelpers.ts(92,3): error TS6133: 'currentWeight' is declared but its value is never read.
lib/workoutMongo.ts(98,11): error TS6133: 'result' is declared but its value is never read.
scripts/analyoutHistoryAnalysis.ts(8,27): error TS6133: 'startOfWeek' is declared but its value is never read.
scripts/analyoutHistoryAnalysis.ts(8,40): error TS6133: 'endOfWeek' is declared but its value is never read.
scripts/analyoutHistoryAnalysis.ts(8,51): error TS6133: 'isWithinInterval' is declared but its value is never read.
scripts/analyzeRoutine.ts(306,44): error TS6133: 'i' is declared but its value is never read.
scripts/analyzeWorkoutHistory.ts(8,27): error TS6133: 'startOfWeek' is declared but its value is never read.
scripts/analyzeWorkoutHistory.ts(8,40): error TS6133: 'endOfWeek' is declared but its value is never read.
scripts/analyzeWorkoutHistory.ts(8,51): error TS6133: 'isWithinInterval' is declared but its value is never read.
scripts/migrate-mongo-to-firestore.ts(10,10): error TS6133: 'collection' is declared but its value is never read.
scripts/migrate-mongo-to-firestore.ts(11,1): error TS6192: All imports in import declaration are unused.
scripts/migrate-mongo-to-firestore.ts(12,1): error TS6133: 'FinanceTransaction' is declared but its value is never read.
store/useFirestoreStore.ts(3,18): error TS6133: 'parseISO' is declared but its value is never read.
